-------------------------------------------------------------------------------
Test set: calculatorsmp.OperationsTest
-------------------------------------------------------------------------------
Tests run: 7, Failures: 5, Errors: 0, Skipped: 0, Time elapsed: 0.110 s <<< FAILURE! -- in calculatorsmp.OperationsTest
calculatorsmp.OperationsTest.testSolveAddition -- Time elapsed: 0.065 s <<< FAILURE!
org.opentest4j.AssertionFailedError: La suma no se resolvió correctamente. ==> expected: <3+5=8> but was: <3+5=5>
	at org.junit.jupiter.api.AssertionFailureBuilder.build(AssertionFailureBuilder.java:151)
	at org.junit.jupiter.api.AssertionFailureBuilder.buildAndThrow(AssertionFailureBuilder.java:132)
	at org.junit.jupiter.api.AssertEquals.failNotEqual(AssertEquals.java:197)
	at org.junit.jupiter.api.AssertEquals.assertEquals(AssertEquals.java:182)
	at org.junit.jupiter.api.Assertions.assertEquals(Assertions.java:1156)
	at calculatorsmp.OperationsTest.testSolveAddition(OperationsTest.java:17)
	at java.base/java.lang.reflect.Method.invoke(Method.java:580)
	at java.base/java.util.ArrayList.forEach(ArrayList.java:1596)
	at java.base/java.util.ArrayList.forEach(ArrayList.java:1596)

calculatorsmp.OperationsTest.testSolveMultiplication -- Time elapsed: 0.002 s <<< FAILURE!
org.opentest4j.AssertionFailedError: La multiplicación no se resolvió correctamente. ==> expected: <6*7=42> but was: <6*7=0>
	at org.junit.jupiter.api.AssertionFailureBuilder.build(AssertionFailureBuilder.java:151)
	at org.junit.jupiter.api.AssertionFailureBuilder.buildAndThrow(AssertionFailureBuilder.java:132)
	at org.junit.jupiter.api.AssertEquals.failNotEqual(AssertEquals.java:197)
	at org.junit.jupiter.api.AssertEquals.assertEquals(AssertEquals.java:182)
	at org.junit.jupiter.api.Assertions.assertEquals(Assertions.java:1156)
	at calculatorsmp.OperationsTest.testSolveMultiplication(OperationsTest.java:37)
	at java.base/java.lang.reflect.Method.invoke(Method.java:580)
	at java.base/java.util.ArrayList.forEach(ArrayList.java:1596)
	at java.base/java.util.ArrayList.forEach(ArrayList.java:1596)

calculatorsmp.OperationsTest.testSolveMultipleOperators -- Time elapsed: 0.002 s <<< FAILURE!
org.opentest4j.AssertionFailedError: La operación con múltiples operadores no se resolvió correctamente. ==> expected: <2+3*4-5=9> but was: <2+3*4-5=-5>
	at org.junit.jupiter.api.AssertionFailureBuilder.build(AssertionFailureBuilder.java:151)
	at org.junit.jupiter.api.AssertionFailureBuilder.buildAndThrow(AssertionFailureBuilder.java:132)
	at org.junit.jupiter.api.AssertEquals.failNotEqual(AssertEquals.java:197)
	at org.junit.jupiter.api.AssertEquals.assertEquals(AssertEquals.java:182)
	at org.junit.jupiter.api.Assertions.assertEquals(Assertions.java:1156)
	at calculatorsmp.OperationsTest.testSolveMultipleOperators(OperationsTest.java:67)
	at java.base/java.lang.reflect.Method.invoke(Method.java:580)
	at java.base/java.util.ArrayList.forEach(ArrayList.java:1596)
	at java.base/java.util.ArrayList.forEach(ArrayList.java:1596)

calculatorsmp.OperationsTest.testSolveJerarquía -- Time elapsed: 0.002 s <<< FAILURE!
org.opentest4j.AssertionFailedError: La precedencia de operaciones no se respetó. ==> expected: <3+2*4=11> but was: <3+2*4=0>
	at org.junit.jupiter.api.AssertionFailureBuilder.build(AssertionFailureBuilder.java:151)
	at org.junit.jupiter.api.AssertionFailureBuilder.buildAndThrow(AssertionFailureBuilder.java:132)
	at org.junit.jupiter.api.AssertEquals.failNotEqual(AssertEquals.java:197)
	at org.junit.jupiter.api.AssertEquals.assertEquals(AssertEquals.java:182)
	at org.junit.jupiter.api.Assertions.assertEquals(Assertions.java:1156)
	at calculatorsmp.OperationsTest.testSolveJerarquía(OperationsTest.java:57)
	at java.base/java.lang.reflect.Method.invoke(Method.java:580)
	at java.base/java.util.ArrayList.forEach(ArrayList.java:1596)
	at java.base/java.util.ArrayList.forEach(ArrayList.java:1596)

calculatorsmp.OperationsTest.testSolveDivision -- Time elapsed: 0.002 s <<< FAILURE!
org.opentest4j.AssertionFailedError: La división no se resolvió correctamente. ==> expected: <8/2=4> but was: <8/2=0>
	at org.junit.jupiter.api.AssertionFailureBuilder.build(AssertionFailureBuilder.java:151)
	at org.junit.jupiter.api.AssertionFailureBuilder.buildAndThrow(AssertionFailureBuilder.java:132)
	at org.junit.jupiter.api.AssertEquals.failNotEqual(AssertEquals.java:197)
	at org.junit.jupiter.api.AssertEquals.assertEquals(AssertEquals.java:182)
	at org.junit.jupiter.api.Assertions.assertEquals(Assertions.java:1156)
	at calculatorsmp.OperationsTest.testSolveDivision(OperationsTest.java:47)
	at java.base/java.lang.reflect.Method.invoke(Method.java:580)
	at java.base/java.util.ArrayList.forEach(ArrayList.java:1596)
	at java.base/java.util.ArrayList.forEach(ArrayList.java:1596)

